[    0.000000] Linux version 4.15.0-208-generic (buildd@lcy02-amd64-015) (gcc version 7.5.0 (Ubuntu 7.5.0-3ubuntu1~18.04)) #220-Ubuntu SMP Mon Mar 20 14:27:01 UTC 2023 (Ubuntu 4.15.0-208.220-generic 4.15.18)
[    0.000000] Command line: BOOT_IMAGE=/boot/vmlinuz-4.15.0-208-generic root=LABEL=cloudimg-rootfs ro console=tty1 console=ttyS0
[    0.000000] KERNEL supported cpus:
[    0.000000]   Intel GenuineIntel
[    0.000000]   AMD AuthenticAMD
[    0.000000]   Centaur CentaurHauls
[    0.000000] x86/fpu: Supporting XSAVE feature 0x001: 'x87 floating point registers'
[    0.000000] x86/fpu: Supporting XSAVE feature 0x002: 'SSE registers'
[    0.000000] x86/fpu: Supporting XSAVE feature 0x004: 'AVX registers'
[    0.000000] x86/fpu: xstate_offset[2]:  576, xstate_sizes[2]:  256
[    0.000000] x86/fpu: Enabled xstate features 0x7, context size is 832 bytes, using 'standard' format.
[    0.000000] e820: BIOS-provided physical RAM map:
[    0.000000] BIOS-e820: [mem 0x0000000000000000-0x000000000009fbff] usable
[    0.000000] BIOS-e820: [mem 0x000000000009fc00-0x000000000009ffff] reserved
[    0.000000] BIOS-e820: [mem 0x00000000000f0000-0x00000000000fffff] reserved
[    0.000000] BIOS-e820: [mem 0x0000000000100000-0x000000003ffeffff] usable
[    0.000000] BIOS-e820: [mem 0x000000003fff0000-0x000000003fffffff] ACPI data
[    0.000000] BIOS-e820: [mem 0x00000000fec00000-0x00000000fec00fff] reserved
[    0.000000] BIOS-e820: [mem 0x00000000fee00000-0x00000000fee00fff] reserved
[    0.000000] BIOS-e820: [mem 0x00000000fffc0000-0x00000000ffffffff] reserved
[    0.000000] NX (Execute Disable) protection: active
[    0.000000] SMBIOS 2.5 present.
[    0.000000] DMI: innotek GmbH VirtualBox/VirtualBox, BIOS VirtualBox 12/01/2006
[    0.000000] Hypervisor detected: KVM
[    0.000000] e820: last_pfn = 0x3fff0 max_arch_pfn = 0x400000000
[    0.000000] MTRR: Disabled
[    0.000000] x86/PAT: MTRRs disabled, skipping PAT initialization too.
[    0.000000] CPU MTRRs all blank - virtualized system.
[    0.000000] x86/PAT: Configuration [0-7]: WB  WT  UC- UC  WB  WT  UC- UC  
[    0.000000] found SMP MP-table at [mem 0x0009fff0-0x0009ffff]
[    0.000000] Scanning 1 areas for low memory corruption
[    0.000000] RAMDISK: [mem 0x359c9000-0x36cdbfff]
[    0.000000] ACPI: Early table checksum verification disabled
[    0.000000] ACPI: RSDP 0x00000000000E0000 000024 (v02 VBOX  )
[    0.000000] ACPI: XSDT 0x000000003FFF0030 00003C (v01 VBOX   VBOXXSDT 00000001 ASL  00000061)
[    0.000000] ACPI: FACP 0x000000003FFF00F0 0000F4 (v04 VBOX   VBOXFACP 00000001 ASL  00000061)
[    0.000000] ACPI: DSDT 0x000000003FFF0610 002353 (v02 VBOX   VBOXBIOS 00000002 INTL 20100528)
[    0.000000] ACPI: FACS 0x000000003FFF0200 000040
[    0.000000] ACPI: FACS 0x000000003FFF0200 000040
[    0.000000] ACPI: APIC 0x000000003FFF0240 00005C (v02 VBOX   VBOXAPIC 00000001 ASL  00000061)
[    0.000000] ACPI: SSDT 0x000000003FFF02A0 00036C (v01 VBOX   VBOXCPUT 00000002 INTL 20100528)
[    0.000000] ACPI: Reserving FACP table memory at [mem 0x3fff00f0-0x3fff01e3]
[    0.000000] ACPI: Reserving DSDT table memory at [mem 0x3fff0610-0x3fff2962]
[    0.000000] ACPI: Reserving FACS table memory at [mem 0x3fff0200-0x3fff023f]
[    0.000000] ACPI: Reserving FACS table memory at [mem 0x3fff0200-0x3fff023f]
[    0.000000] ACPI: Reserving APIC table memory at [mem 0x3fff0240-0x3fff029b]
[    0.000000] ACPI: Reserving SSDT table memory at [mem 0x3fff02a0-0x3fff060b]
[    0.000000] No NUMA configuration found
[    0.000000] Faking a node at [mem 0x0000000000000000-0x000000003ffeffff]
[    0.000000] NODE_DATA(0) allocated [mem 0x3ffc5000-0x3ffeffff]
[    0.000000] kvm-clock: cpu 0, msr 0:3ff44001, primary cpu clock
[    0.000000] kvm-clock: Using msrs 4b564d01 and 4b564d00
[    0.000000] kvm-clock: using sched offset of 6143335461 cycles
[    0.000000] clocksource: kvm-clock: mask: 0xffffffffffffffff max_cycles: 0x1cd42e4dffb, max_idle_ns: 881590591483 ns
[    0.000000] Zone ranges:
[    0.000000]   DMA      [mem 0x0000000000001000-0x0000000000ffffff]
[    0.000000]   DMA32    [mem 0x0000000001000000-0x000000003ffeffff]
[    0.000000]   Normal   empty
[    0.000000]   Device   empty
[    0.000000] Movable zone start for each node
[    0.000000] Early memory node ranges
[    0.000000]   node   0: [mem 0x0000000000001000-0x000000000009efff]
[    0.000000]   node   0: [mem 0x0000000000100000-0x000000003ffeffff]
[    0.000000] Reserved but unavailable: 104 pages
[    0.000000] Initmem setup node 0 [mem 0x0000000000001000-0x000000003ffeffff]
[    0.000000] ACPI: PM-Timer IO Port: 0x4008
[    0.000000] IOAPIC[0]: apic_id 2, version 32, address 0xfec00000, GSI 0-23
[    0.000000] ACPI: INT_SRC_OVR (bus 0 bus_irq 0 global_irq 2 dfl dfl)
[    0.000000] ACPI: INT_SRC_OVR (bus 0 bus_irq 9 global_irq 9 low level)
[    0.000000] Using ACPI (MADT) for SMP configuration information
[    0.000000] smpboot: Allowing 2 CPUs, 0 hotplug CPUs
[    0.000000] PM: Registered nosave memory: [mem 0x00000000-0x00000fff]
[    0.000000] PM: Registered nosave memory: [mem 0x0009f000-0x0009ffff]
[    0.000000] PM: Registered nosave memory: [mem 0x000a0000-0x000effff]
[    0.000000] PM: Registered nosave memory: [mem 0x000f0000-0x000fffff]
[    0.000000] e820: [mem 0x40000000-0xfebfffff] available for PCI devices
[    0.000000] Booting paravirtualized kernel on KVM
[    0.000000] clocksource: refined-jiffies: mask: 0xffffffff max_cycles: 0xffffffff, max_idle_ns: 7645519600211568 ns
[    0.000000] setup_percpu: NR_CPUS:8192 nr_cpumask_bits:2 nr_cpu_ids:2 nr_node_ids:1
[    0.000000] percpu: Embedded 50 pages/cpu s167936 r8192 d28672 u1048576
[    0.000000] PV qspinlock hash table entries: 256 (order: 0, 4096 bytes)
[    0.000000] Built 1 zonelists, mobility grouping on.  Total pages: 257913
[    0.000000] Policy zone: DMA32
[    0.000000] Kernel command line: BOOT_IMAGE=/boot/vmlinuz-4.15.0-208-generic root=LABEL=cloudimg-rootfs ro console=tty1 console=ttyS0
[    0.000000] Memory: 982640K/1048120K available (12300K kernel code, 2477K rwdata, 4324K rodata, 2480K init, 2720K bss, 65480K reserved, 0K cma-reserved)
[    0.000000] SLUB: HWalign=64, Order=0-3, MinObjects=0, CPUs=2, Nodes=1
[    0.000000] ftrace: allocating 39494 entries in 155 pages
[    0.004000] Hierarchical RCU implementation.
[    0.004000] 	RCU restricting CPUs from NR_CPUS=8192 to nr_cpu_ids=2.
[    0.004000] 	Tasks RCU enabled.
[    0.004000] RCU: Adjusting geometry for rcu_fanout_leaf=16, nr_cpu_ids=2
[    0.004000] NR_IRQS: 524544, nr_irqs: 440, preallocated irqs: 16
[    0.004000] random: crng init done
[    0.004000] Console: colour VGA+ 80x25
[    0.004000] console [tty1] enabled
[    0.004000] console [ttyS0] enabled
[    0.004000] ACPI: Core revision 20170831
[    0.004000] ACPI: 2 ACPI AML tables successfully acquired and loaded
[    0.004000] APIC: Switch to symmetric I/O mode setup
[    0.004000] x2apic enabled
[    0.004000] Switched APIC routing to physical x2apic.
[    0.005517] ..TIMER: vector=0x30 apic1=0 pin1=2 apic2=-1 pin2=-1
[    0.008011] tsc: Detected 2419.196 MHz processor
[    0.009323] Calibrating delay loop (skipped) preset value.. 4838.39 BogoMIPS (lpj=9676784)
[    0.010169] pid_max: default: 32768 minimum: 301
[    0.012053] Security Framework initialized
[    0.013220] Yama: becoming mindful.
[    0.014263] AppArmor: AppArmor initialized
[    0.016203] Dentry cache hash table entries: 131072 (order: 8, 1048576 bytes)
[    0.018155] Inode-cache hash table entries: 65536 (order: 7, 524288 bytes)
[    0.020016] Mount-cache hash table entries: 2048 (order: 2, 16384 bytes)
[    0.021763] Mountpoint-cache hash table entries: 2048 (order: 2, 16384 bytes)
[    0.024000] Last level iTLB entries: 4KB 0, 2MB 0, 4MB 0
[    0.024004] Last level dTLB entries: 4KB 0, 2MB 0, 4MB 0, 1GB 0
[    0.025202] Spectre V1 : Mitigation: usercopy/swapgs barriers and __user pointer sanitization
[    0.028007] Spectre V2 : Mitigation: Retpolines
[    0.029349] Spectre V2 : Spectre v2 / SpectreRSB mitigation: Filling RSB on context switch
[    0.032003] Spectre V2 : Spectre v2 / SpectreRSB : Filling RSB on VMEXIT
[    0.033871] Speculative Store Bypass: Vulnerable
[    0.036280] Freeing SMP alternatives memory: 36K
[    0.150423] smpboot: CPU0: 11th Gen Intel(R) Core(TM) i5-1135G7 @ 2.40GHz (family: 0x6, model: 0x8c, stepping: 0x1)
[    0.152267] Performance Events: unsupported p6 CPU model 140 no PMU driver, software events only.
[    0.154562] Hierarchical SRCU implementation.
[    0.157208] NMI watchdog: Perf event create on CPU 0 failed with -2
[    0.158770] NMI watchdog: Perf NMI watchdog permanently disabled
[    0.160100] smp: Bringing up secondary CPUs ...
[    0.161459] x86: Booting SMP configuration:
[    0.163119] .... node  #0, CPUs:      #1
[    0.004000] kvm-clock: cpu 1, msr 0:3ff44041, secondary cpu clock
[    0.168058] smp: Brought up 1 node, 2 CPUs
[    0.169623] smpboot: Max logical packages: 1
[    0.172011] smpboot: Total of 2 processors activated (9676.78 BogoMIPS)
[    0.174680] devtmpfs: initialized
[    0.176122] x86/mm: Memory block size: 128MB
[    0.177843] evm: security.selinux
[    0.178966] evm: security.SMACK64
[    0.180007] evm: security.SMACK64EXEC
[    0.181050] evm: security.SMACK64TRANSMUTE
[    0.182233] evm: security.SMACK64MMAP
[    0.184005] evm: security.apparmor
[    0.185011] evm: security.ima
[    0.186187] evm: security.capability
[    0.187369] clocksource: jiffies: mask: 0xffffffff max_cycles: 0xffffffff, max_idle_ns: 7645041785100000 ns
[    0.188025] futex hash table entries: 512 (order: 3, 32768 bytes)
[    0.192071] pinctrl core: initialized pinctrl subsystem
[    0.196163] RTC time:  7:59:26, date: 04/17/23
[    0.200537] NET: Registered protocol family 16
[    0.204127] audit: initializing netlink subsys (disabled)
[    0.205772] audit: type=2000 audit(1681718374.263:1): state=initialized audit_enabled=0 res=1
[    0.208028] cpuidle: using governor ladder
[    0.209349] cpuidle: using governor menu
[    0.212073] ACPI: bus type PCI registered
[    0.213235] acpiphp: ACPI Hot Plug PCI Controller Driver version: 0.5
[    0.215086] PCI: Using configuration type 1 for base access
[    0.217805] HugeTLB registered 2.00 MiB page size, pre-allocated 0 pages
[    0.220111] ACPI: Added _OSI(Module Device)
[    0.221274] ACPI: Added _OSI(Processor Device)
[    0.222475] ACPI: Added _OSI(3.0 _SCP Extensions)
[    0.224007] ACPI: Added _OSI(Processor Aggregator Device)
[    0.225446] ACPI: Added _OSI(Linux-Dell-Video)
[    0.226607] ACPI: Added _OSI(Linux-Lenovo-NV-HDMI-Audio)
[    0.228019] ACPI: Added _OSI(Linux-HPI-Hybrid-Graphics)
[    0.229498] ACPI: Executed 1 blocks of module-level executable AML code
[    0.240506] ACPI: Interpreter enabled
[    0.242543] ACPI: (supports S0 S5)
[    0.243574] ACPI: Using IOAPIC for interrupt routing
[    0.244414] PCI: Using host bridge windows from ACPI; if necessary, use "pci=nocrs" and report a bug
[    0.247154] ACPI: Enabled 2 GPEs in block 00 to 07
[    0.264640] ACPI: PCI Root Bridge [PCI0] (domain 0000 [bus 00-ff])
[    0.267159] acpi PNP0A03:00: _OSC: OS supports [ASPM ClockPM Segments MSI]
[    0.269380] acpi PNP0A03:00: _OSC: not requesting OS control; OS requires [ExtendedConfig ASPM ClockPM MSI]
[    0.272024] acpi PNP0A03:00: fail to add MMCONFIG information, can't access extended PCI configuration space under this bridge.
[    0.276968] PCI host bridge to bus 0000:00
[    0.280013] pci_bus 0000:00: root bus resource [io  0x0000-0x0cf7 window]
[    0.282048] pci_bus 0000:00: root bus resource [io  0x0d00-0xffff window]
[    0.284012] pci_bus 0000:00: root bus resource [mem 0x000a0000-0x000bffff window]
[    0.285938] pci_bus 0000:00: root bus resource [mem 0x40000000-0xfdffffff window]
[    0.288013] pci_bus 0000:00: root bus resource [bus 00-ff]
[    0.295026] pci 0000:00:01.1: legacy IDE quirk: reg 0x10: [io  0x01f0-0x01f7]
[    0.296011] pci 0000:00:01.1: legacy IDE quirk: reg 0x14: [io  0x03f6]
[    0.297502] pci 0000:00:01.1: legacy IDE quirk: reg 0x18: [io  0x0170-0x0177]
[    0.299221] pci 0000:00:01.1: legacy IDE quirk: reg 0x1c: [io  0x0376]
[    0.321194] pci 0000:00:07.0: quirk: [io  0x4000-0x403f] claimed by PIIX4 ACPI
[    0.323539] pci 0000:00:07.0: quirk: [io  0x4100-0x410f] claimed by PIIX4 SMB
[    0.334918] ACPI: PCI Interrupt Link [LNKA] (IRQs 5 9 10 *11)
[    0.336553] ACPI: PCI Interrupt Link [LNKB] (IRQs 5 9 *10 11)
[    0.338373] ACPI: PCI Interrupt Link [LNKC] (IRQs 5 *9 10 11)
[    0.340445] ACPI: PCI Interrupt Link [LNKD] (IRQs 5 9 10 *11)
[    0.343054] SCSI subsystem initialized
[    0.344091] pci 0000:00:02.0: vgaarb: setting as boot VGA device
[    0.346489] pci 0000:00:02.0: vgaarb: VGA device added: decodes=io+mem,owns=io+mem,locks=none
[    0.348016] pci 0000:00:02.0: vgaarb: bridge control possible
[    0.349675] vgaarb: loaded
[    0.352082] ACPI: bus type USB registered
[    0.353241] usbcore: registered new interface driver usbfs
[    0.356018] usbcore: registered new interface driver hub
[    0.357739] usbcore: registered new device driver usb
[    0.360079] EDAC MC: Ver: 3.0.0
[    0.361509] PCI: Using ACPI for IRQ routing
[    0.361777] NetLabel: Initializing
[    0.364006] NetLabel:  domain hash size = 128
[    0.365195] NetLabel:  protocols = UNLABELED CIPSOv4 CALIPSO
[    0.366729] NetLabel:  unlabeled traffic allowed by default
[    0.368201] clocksource: Switched to clocksource kvm-clock
[    0.407922] VFS: Disk quotas dquot_6.6.0
[    0.409239] VFS: Dquot-cache hash table entries: 512 (order 0, 4096 bytes)
[    0.411617] AppArmor: AppArmor Filesystem Enabled
[    0.413151] pnp: PnP ACPI init
[    0.415993] pnp: PnP ACPI: found 3 devices
[    0.429541] clocksource: acpi_pm: mask: 0xffffff max_cycles: 0xffffff, max_idle_ns: 2085701024 ns
[    0.433057] NET: Registered protocol family 2
[    0.434747] IP idents hash table entries: 16384 (order: 5, 131072 bytes)
[    0.444994] TCP established hash table entries: 8192 (order: 4, 65536 bytes)
[    0.446748] TCP bind hash table entries: 8192 (order: 5, 131072 bytes)
[    0.448347] TCP: Hash tables configured (established 8192 bind 8192)
[    0.450727] UDP hash table entries: 512 (order: 2, 16384 bytes)
[    0.451990] UDP-Lite hash table entries: 512 (order: 2, 16384 bytes)
[    0.454229] NET: Registered protocol family 1
[    0.455649] pci 0000:00:00.0: Limiting direct PCI/PCI transfers
[    0.457840] pci 0000:00:01.0: Activating ISA DMA hang workarounds
[    0.460217] pci 0000:00:02.0: Video device with shadowed ROM at [mem 0x000c0000-0x000dffff]
[    0.463549] Unpacking initramfs...
[    1.196538] Freeing initrd memory: 19532K
[    1.198226] clocksource: tsc: mask: 0xffffffffffffffff max_cycles: 0x22df0d21928, max_idle_ns: 440795225288 ns
[    1.201513] platform rtc_cmos: registered platform RTC device (no PNP device found)
[    1.204021] Scanning for low memory corruption every 60 seconds
[    1.207222] Initialise system trusted keyrings
[    1.208727] Key type blacklist registered
[    1.209879] workingset: timestamp_bits=36 max_order=18 bucket_order=0
[    1.213278] zbud: loaded
[    1.215340] squashfs: version 4.0 (2009/01/31) Phillip Lougher
[    1.217312] fuse init (API version 7.26)
[    1.221600] Key type asymmetric registered
[    1.222788] Asymmetric key parser 'x509' registered
[    1.224157] Block layer SCSI generic (bsg) driver version 0.4 loaded (major 246)
[    1.226488] io scheduler noop registered
[    1.227608] io scheduler deadline registered
[    1.228871] io scheduler cfq registered (default)
[    1.230983] ACPI: AC Adapter [AC] (off-line)
[    1.232314] input: Power Button as /devices/LNXSYSTM:00/LNXPWRBN:00/input/input0
[    1.234534] ACPI: Power Button [PWRF]
[    1.235676] input: Sleep Button as /devices/LNXSYSTM:00/LNXSLPBN:00/input/input1
[    1.237711] ACPI: Sleep Button [SLPF]
[    1.239289] Serial: 8250/16550 driver, 32 ports, IRQ sharing enabled
[    1.240899] ACPI: Battery Slot [BAT0] (battery present)
[    1.265794] 00:02: ttyS0 at I/O 0x3f8 (irq = 4, base_baud = 115200) is a 16550A
[    1.270377] Linux agpgart interface v0.103
[    1.281607] loop: module loaded
[    1.284262] scsi host0: ata_piix
[    1.286212] scsi host1: ata_piix
[    1.287529] ata1: PATA max UDMA/33 cmd 0x1f0 ctl 0x3f6 bmdma 0xd000 irq 14
[    1.289964] ata2: PATA max UDMA/33 cmd 0x170 ctl 0x376 bmdma 0xd008 irq 15
[    1.293425] tun: Universal TUN/TAP device driver, 1.6
[    1.295886] PPP generic driver version 2.4.2
[    1.297169] ehci_hcd: USB 2.0 'Enhanced' Host Controller (EHCI) Driver
[    1.299032] ehci-pci: EHCI PCI platform driver
[    1.300329] ehci-platform: EHCI generic platform driver
[    1.301937] ohci_hcd: USB 1.1 'Open' Host Controller (OHCI) Driver
[    1.303630] ohci-pci: OHCI PCI platform driver
[    1.305214] ohci-platform: OHCI generic platform driver
[    1.307939] uhci_hcd: USB Universal Host Controller Interface driver
[    1.309906] i8042: PNP: PS/2 Controller [PNP0303:PS2K,PNP0f03:PS2M] at 0x60,0x64 irq 1,12
[    1.312946] serio: i8042 KBD port at 0x60,0x64 irq 1
[    1.314391] serio: i8042 AUX port at 0x60,0x64 irq 12
[    1.315913] mousedev: PS/2 mouse device common for all mice
[    1.317950] input: AT Translated Set 2 keyboard as /devices/platform/i8042/serio0/input/input2
[    1.320824] rtc_cmos rtc_cmos: rtc core: registered rtc_cmos as rtc0
[    1.322625] rtc_cmos rtc_cmos: alarms up to one day, 114 bytes nvram
[    1.324305] i2c /dev entries driver
[    1.325510] device-mapper: uevent: version 1.0.3
[    1.326832] device-mapper: ioctl: 4.37.0-ioctl (2017-09-20) initialised: dm-devel@redhat.com
[    1.329347] ledtrig-cpu: registered to indicate activity on CPUs
[    1.331761] NET: Registered protocol family 10
[    1.340007] Segment Routing with IPv6
[    1.341236] NET: Registered protocol family 17
[    1.342643] Key type dns_resolver registered
[    1.344072] mce: Using 0 MCE banks
[    1.345247] RAS: Correctable Errors collector initialized.
[    1.346330] sched_clock: Marking stable (1344048583, 0)->(1657090970, -313042387)
[    1.349310] registered taskstats version 1
[    1.350577] Loading compiled-in X.509 certificates
[    1.357616] Loaded X.509 cert 'Build time autogenerated kernel key: 05d3fa630a0ed8a65520e390196b077fd5e65720'
[    1.363321] Loaded X.509 cert 'Canonical Ltd. Live Patch Signing: 14df34d1a87cf37625abec039ef2bf521249b969'
[    1.367479] Loaded X.509 cert 'Canonical Ltd. Kernel Module Signing: 88f752e560a1e0737e31163a466ad7b70a850c19'
[    1.371073] blacklist: Loading compiled-in revocation X.509 certificates
[    1.373769] Loaded X.509 cert 'Canonical Ltd. Secure Boot Signing: 61482aa2830d0ab2ad5af10b7250da9033ddcef0'
[    1.377538] Loaded X.509 cert 'Canonical Ltd. Secure Boot Signing (2017): 242ade75ac4a15e50d50c84b0d45ff3eae707a03'
[    1.381521] Loaded X.509 cert 'Canonical Ltd. Secure Boot Signing (ESM 2018): 365188c1d374d6b07c3c8f240f8ef722433d6a8b'
[    1.385392] Loaded X.509 cert 'Canonical Ltd. Secure Boot Signing (2019): c0746fd6c5da3ae827864651ad66ae47fe24b3e8'
[    1.390074] Loaded X.509 cert 'Canonical Ltd. Secure Boot Signing (2021 v1): a8d54bbb3825cfb94fa13c9f8a594a195c107b8d'
[    1.394086] Loaded X.509 cert 'Canonical Ltd. Secure Boot Signing (2021 v2): 4cf046892d6fd3c9a5b03f98d845f90851dc6a8c'
[    1.396759] Loaded X.509 cert 'Canonical Ltd. Secure Boot Signing (2021 v3): 100437bb6de6e469b581e61cd66bce3ef4ed53af'
[    1.399704] Loaded X.509 cert 'Canonical Ltd. Secure Boot Signing (Ubuntu Core 2019): c1d57b8f6b743f23ee41f4f7ee292f06eecadfb9'
[    1.403716] zswap: loaded using pool lzo/zbud
[    1.409634] Key type big_key registered
[    1.410738] Key type trusted registered
[    1.414747] Key type encrypted registered
[    1.415914] AppArmor: AppArmor sha1 policy hashing enabled
[    1.417844] ima: No TPM chip found, activating TPM-bypass! (rc=-19)
[    1.419672] ima: Allocated hash algorithm: sha1
[    1.421536] evm: HMAC attrs: 0x1
[    1.423229]   Magic number: 3:448:976
[    1.424615] rtc_cmos rtc_cmos: setting system clock to 2023-04-17 07:59:27 UTC (1681718367)
[    1.427204] BIOS EDD facility v0.16 2004-Jun-25, 0 devices found
[    1.428918] EDD information not available.
[    1.483431] Freeing unused kernel image memory: 2480K
[    1.496796] Write protecting the kernel read-only data: 20480k
[    1.499928] Freeing unused kernel image memory: 2008K
[    1.502298] Freeing unused kernel image memory: 1820K
[    1.513864] x86/mm: Checked W+X mappings: passed, no W+X pages found.
Loading, please wait...
starting version 237
[    1.644557] Fusion MPT base driver 3.04.20
[    1.647012] Copyright (c) 1999-2008 LSI Corporation
[    1.651435] e1000: Intel(R) PRO/1000 Network Driver - version 7.3.21-k8-NAPI
[    1.653699] e1000: Copyright (c) 1999-2006 Intel Corporation.
[    1.675364] AVX2 version of gcm_enc/dec engaged.
[    1.676924] AES CTR mode by8 optimization enabled
[    1.704488] Fusion MPT SPI Host driver 3.04.20
[    1.874597] input: ImExPS/2 Generic Explorer Mouse as /devices/platform/i8042/serio1/input/input4
[    2.113074] e1000 0000:00:03.0 eth0: (PCI:33MHz:32-bit) 02:a9:d6:08:d7:18
[    2.115221] e1000 0000:00:03.0 eth0: Intel(R) PRO/1000 Network Connection
[    2.119269] mptbase: ioc0: Initiating bringup
[    2.122273] e1000 0000:00:03.0 enp0s3: renamed from eth0
[    2.244165] ioc0: LSI53C1030 A0: Capabilities={Initiator}
[    2.487895] scsi host2: ioc0: LSI53C1030 A0, FwRev=00000000h, Ports=1, MaxQ=256, IRQ=20
[    2.657224] scsi 2:0:0:0: Direct-Access     VBOX     HARDDISK         1.0  PQ: 0 ANSI: 5
[    2.684717] scsi target2:0:0: Beginning Domain Validation
[    2.692370] scsi target2:0:0: Domain Validation skipping write tests
[    2.694802] scsi target2:0:0: Ending Domain Validation
[    2.697158] scsi target2:0:0: asynchronous
[    2.700637] scsi 2:0:1:0: Direct-Access     VBOX     HARDDISK         1.0  PQ: 0 ANSI: 5
[    2.732817] scsi target2:0:1: Beginning Domain Validation
[    2.740758] scsi target2:0:1: Domain Validation skipping write tests
[    2.743270] scsi target2:0:1: Ending Domain Validation
[    2.745481] scsi target2:0:1: asynchronous
[    2.756391] sd 2:0:0:0: Attached scsi generic sg0 type 0
[    2.756768] sd 2:0:0:0: [sda] 83886080 512-byte logical blocks: (42.9 GB/40.0 GiB)
[    2.761398] sd 2:0:0:0: [sda] Write Protect is off
[    2.761499] sd 2:0:1:0: Attached scsi generic sg1 type 0
[    2.765486] sd 2:0:1:0: [sdb] 20480 512-byte logical blocks: (10.5 MB/10.0 MiB)
[    2.767357] sd 2:0:0:0: [sda] Incomplete mode parameter data
[    2.768867] sd 2:0:0:0: [sda] Assuming drive cache: write through
[    2.770325] sd 2:0:1:0: [sdb] Write Protect is off
[    2.772592] sd 2:0:1:0: [sdb] Incomplete mode parameter data
[    2.774619] sd 2:0:1:0: [sdb] Assuming drive cache: write through
[    2.883422]  sda: sda1
[    2.887449] sd 2:0:0:0: [sda] Attached SCSI disk
[    3.399044] sd 2:0:1:0: [sdb] Attached SCSI disk
Begin: Loading essential drivers ... [    5.252115] raid6: sse2x1   gen()  6018 MB/s
[    5.300111] raid6: sse2x1   xor()  3463 MB/s
[    5.348073] raid6: sse2x2   gen()  7391 MB/s
[    5.396104] raid6: sse2x2   xor()  5052 MB/s
[    5.444067] raid6: sse2x4   gen()  7814 MB/s
[    5.492140] raid6: sse2x4   xor()  4697 MB/s
[    5.540056] raid6: avx2x1   gen() 11783 MB/s
[    5.588073] raid6: avx2x1   xor()  7282 MB/s
[    5.636045] raid6: avx2x2   gen() 14822 MB/s
[    5.684104] raid6: avx2x2   xor()  9831 MB/s
[    5.732062] raid6: avx2x4   gen() 15184 MB/s
[    5.780106] raid6: avx2x4   xor()  8792 MB/s
[    5.781163] raid6: using algorithm avx2x4 gen() 15184 MB/s
[    5.782472] raid6: .... xor() 8792 MB/s, rmw enabled
[    5.783649] raid6: using avx2x2 recovery algorithm
[    5.787563] xor: automatically using best checksumming function   avx       
[    5.791163] async_tx: api initialized (async)
done.
Begin: Running /scripts/init-premount ... done.
Begin: Mounting root file system ... Begin: Running /scripts/local-top ... done.
Begin: Running /scripts/local-premount ... [    5.881702] Btrfs loaded, crc32c=crc32c-intel
Scanning for Btrfs filesystems
done.
Warning: fsck not present, so skipping root file system
[    5.948163] EXT4-fs (sda1): mounted filesystem with ordered data mode. Opts: (null)
done.
Begin: Running /scripts/local-bottom ... done.
Begin: Running /scripts/init-bottom ... done.
[    6.909617] ip_tables: (C) 2000-2006 Netfilter Core Team
[    6.963295] systemd[1]: systemd 237 running in system mode. (+PAM +AUDIT +SELINUX +IMA +APPARMOR +SMACK +SYSVINIT +UTMP +LIBCRYPTSETUP +GCRYPT +GNUTLS +ACL +XZ +LZ4 +SECCOMP +BLKID +ELFUTILS +KMOD -IDN2 +IDN -PCRE2 default-hierarchy=hybrid)
[    6.971102] systemd[1]: Detected virtualization oracle.
[    6.973587] systemd[1]: Detected architecture x86-64.

Welcome to [1mUbuntu 18.04.6 LTS[0m!

[    7.006845] systemd[1]: Set hostname to <ubuntu>.
[    7.018608] systemd[1]: Initializing machine ID from random generator.
[    7.021583] systemd[1]: Installed transient /etc/machine-id file.
[    8.233294] systemd[1]: Reached target Swap.
[[0;32m  OK  [0m] Reached target Swap.
[    8.239406] systemd[1]: Created slice User and Session Slice.
[[0;32m  OK  [0m] Created slice User and Session Slice.
[    8.243493] systemd[1]: Reached target System Time Synchronized.
[[0;32m  OK  [0m] Reached target System Time Synchronized.
[    8.246980] systemd[1]: Set up automount Arbitrary Executable File Formats File System Automount Point.
[[0;32m  OK  [0m] Set up automount Arbitrary Executab…rmats File System Automount Point.
[[0;32m  OK  [0m] Created slice System Slice.
[[0;32m  OK  [0m] Listening on Device-mapper event daemon FIFOs.
[[0;32m  OK  [0m] Listening on LVM2 metadata daemon socket.
[[0;32m  OK  [0m] Listening on Journal Socket (/dev/log).
[[0;32m  OK  [0m] Reached target Slices.
[[0;32m  OK  [0m] Created slice system-serial\x2dgetty.slice.
[[0;32m  OK  [0m] Listening on Syslog Socket.
[[0;32m  OK  [0m] Listening on LVM2 poll daemon socket.
[[0;32m  OK  [0m] Listening on udev Control Socket.
[[0;32m  OK  [0m] Listening on Journal Socket.
         Starting Create list of required st…ce nodes for the current kernel...
         Mounting POSIX Message Queue File System...
         Mounting Huge Pages File System...
         Mounting Kernel Debug File System...
         Starting Uncomplicated firewall...
         Starting Set the console keyboard layout...
         Starting Load Kernel Modules...
[[0;32m  OK  [0m] Listening on udev Kernel Socket.
[[0;32m  OK  [0m] Listening on /dev/initctl Compatibility Named Pipe.
[[0;32m  OK  [0m] Started Forward Password Requests to Wall Directory Watch.
[[0;32m  OK  [0m] Reached target User and Group Name Lookups.
[[0;32m  OK  [0m] Reached target Mounting snaps.
[[0;32m  OK  [0m] Reached target Mounted snaps.
         Starting udev Coldplug all Devices...
[[0;32m  OK  [0m] Listening on Network Service Netlink Socket.
         Starting Monitoring of LVM2 mirrors…ng dmeventd or progress polling...
[[0;32m  OK  [0m] Listening on Journal Audit Socket.
         Starting Journal Service...
[[0;32m  OK  [0m] Listening on fsck to fsckd communication Socket.
         Starting File System Check on Root Device...
[[0;32m  OK  [0m] Started Create list of required sta…vice nodes for the current kernel.
[[0;32m  OK  [0m] Mounted POSIX Message Queue File System.
[[0;32m  OK  [0m] Mounted Huge Pages File System.
[    8.393349] Loading iSCSI transport class v2.0-870.
[[0;32m  OK  [0m] Mounted Kernel Debug File System.
[[0;32m  OK  [0m] Started Uncomplicated firewall.
         Starting Create Static Device Nodes in /dev...
[[0;32m  OK  [0m] Started udev Coldplug all Devices.
[[0;32m  OK  [0m] Started File System Check Daemon to report status.
[    8.584680] iscsi: registered transport (tcp)
[[0;32m  OK  [0m] Started Journal Service.
[[0;32m  OK  [0m] Started File System Check on Root Device.
         Starting Remount Root and Kernel File Systems...
[[0;32m  OK  [0m] Started Set the console keyboard layout.
[[0;32m  OK  [0m] Started Create Static Device Nodes in /dev.
[[0;32m  OK  [0m] Started LVM2 metadata daemon.
[    8.845602] iscsi: registered transport (iser)
[[0;32m  OK  [0m] Started Load Kernel Modules.
         Starting Apply Kernel Variables...
         Mounting FUSE Control File System...
         Mounting Kernel Configuration File System...
[[0;32m  OK  [0m] Mounted FUSE Control File System.
[[0;32m  OK  [0m] Mounted Kernel Configuration File System.
[[0;32m  OK  [0m] Started Remount Root and Kernel File Systems.
         Starting udev Kernel Device Manager...
         Starting Load/Save Random Seed...
         Starting Flush Journal to Persistent Storage...
[[0;32m  OK  [0m] Started Monitoring of LVM2 mirrors,…sing dmeventd or progress polling.
[[0;32m  OK  [0m] Started Apply Kernel Variables.
[[0;32m  OK  [0m] Reached target Local File Systems (Pre).
[[0;32m  OK  [0m] Reached target Local File Systems.
         Starting ebtables ruleset management...
         Starting Commit a transient machine-id on disk...
         Starting Set console font and keymap...
         Starting AppArmor initialization...
         Starting Tell Plymouth To Write Out Runtime Data...
[[0;32m  OK  [0m] Started Load/Save Random Seed.
[[0;32m  OK  [0m] Started Set console font and keymap.
[[0;32m  OK  [0m] Started Tell Plymouth To Write Out Runtime Data.
[[0;32m  OK  [0m] Started udev Kernel Device Manager.
[[0;32m  OK  [0m] Started Dispatch Password Requests to Console Directory Watch.
[[0;32m  OK  [0m] Reached target Local Encrypted Volumes.
[[0;32m  OK  [0m] Started Commit a transient machine-id on disk.
[[0;32m  OK  [0m] Started Flush Journal to Persistent Storage.
         Starting Create Volatile Files and Directories...
[[0;32m  OK  [0m] Started ebtables ruleset management.
[[0;32m  OK  [0m] Started Create Volatile Files and Directories.
         Starting Update UTMP about System Boot/Shutdown...
[[0;32m  OK  [0m] Started Update UTMP about System Boot/Shutdown.
[[0;32m  OK  [0m] Found device /dev/ttyS0.
[[0;32m  OK  [0m] Listening on Load/Save RF Kill Switch Status /dev/rfkill Watch.
         Mounting Arbitrary Executable File Formats File System...
[[0;32m  OK  [0m] Mounted Arbitrary Executable File Formats File System.
[[0;32m  OK  [0m] Started AppArmor initialization.
         Starting Initial cloud-init job (pre-networking)...
         Starting Load AppArmor profiles managed internally by snapd...
[[0;32m  OK  [0m] Started Load AppArmor profiles managed internally by snapd.
[   15.719665] cloud-init[562]: Cloud-init v. 23.1.1-0ubuntu0~18.04.1 running 'init-local' at Mon, 17 Apr 2023 07:59:41 +0000. Up 14.93 seconds.
[[0;32m  OK  [0m] Started Initial cloud-init job (pre-networking).
[[0;32m  OK  [0m] Reached target Network (Pre).
         Starting Network Service...
[[0;32m  OK  [0m] Started Network Service.
         Starting Network Name Resolution...
         Starting Wait for Network to be Configured...
[[0;32m  OK  [0m] Started Network Name Resolution.
[[0;32m  OK  [0m] Reached target Network.
[[0;32m  OK  [0m] Reached target Host and Network Name Lookups.
[[0;32m  OK  [0m] Started Wait for Network to be Configured.
         Starting Initial cloud-init job (metadata service crawler)...
[   18.062134] cloud-init[705]: Cloud-init v. 23.1.1-0ubuntu0~18.04.1 running 'init' at Mon, 17 Apr 2023 07:59:43 +0000. Up 17.82 seconds.
[   18.064166] cloud-init[705]: ci-info: ++++++++++++++++++++++++++++++++++++++Net device info++++++++++++++++++++++++++++++++++++++
[   18.066052] cloud-init[705]: ci-info: +--------+------+----------------------------+---------------+--------+-------------------+
[   18.068557] cloud-init[705]: ci-info: | Device |  Up  |          Address           |      Mask     | Scope  |     Hw-Address    |
[   18.070947] cloud-init[705]: ci-info: +--------+------+----------------------------+---------------+--------+-------------------+
[   18.084932] cloud-init[705]: ci-info: | enp0s3 | True |         10.0.2.15          | 255.255.255.0 | global | 02:a9:d6:08:d7:18 |
[   18.096264] cloud-init[705]: ci-info: | enp0s3 | True | fe80::a9:d6ff:fe08:d718/64 |       .       |  link  | 02:a9:d6:08:d7:18 |
[   18.097891] cloud-init[705]: ci-info: |   lo   | True |         127.0.0.1          |   255.0.0.0   |  host  |         .         |
[   18.099643] cloud-init[705]: ci-info: |   lo   | True |          ::1/128           |       .       |  host  |         .         |
[   18.101429] cloud-init[705]: ci-info: +--------+------+----------------------------+---------------+--------+-------------------+
[   18.103168] cloud-init[705]: ci-info: ++++++++++++++++++++++++++++Route IPv4 info+++++++++++++++++++++++++++++
[   18.104469] cloud-init[705]: ci-info: +-------+-------------+----------+-----------------+-----------+-------+
[   18.116340] cloud-init[705]: ci-info: | Route | Destination | Gateway  |     Genmask     | Interface | Flags |
[   18.128283] cloud-init[705]: ci-info: +-------+-------------+----------+-----------------+-----------+-------+
[   18.130017] cloud-init[705]: ci-info: |   0   |   0.0.0.0   | 10.0.2.2 |     0.0.0.0     |   enp0s3  |   UG  |
[   18.131936] cloud-init[705]: ci-info: |   1   |   10.0.2.0  | 0.0.0.0  |  255.255.255.0  |   enp0s3  |   U   |
[   18.133883] cloud-init[705]: ci-info: |   2   |   10.0.2.2  | 0.0.0.0  | 255.255.255.255 |   enp0s3  |   UH  |
[   18.135850] cloud-init[705]: ci-info: +-------+-------------+----------+-----------------+-----------+-------+
[   18.137761] cloud-init[705]: ci-info: +++++++++++++++++++Route IPv6 info+++++++++++++++++++
[   18.139467] cloud-init[705]: ci-info: +-------+-------------+---------+-----------+-------+
[   18.141329] cloud-init[705]: ci-info: | Route | Destination | Gateway | Interface | Flags |
[   18.142942] cloud-init[705]: ci-info: +-------+-------------+---------+-----------+-------+
[   18.152268] cloud-init[705]: ci-info: |   1   |  fe80::/64  |    ::   |   enp0s3  |   U   |
[   18.153808] cloud-init[705]: ci-info: |   3   |    local    |    ::   |   enp0s3  |   U   |
[   18.155258] cloud-init[705]: ci-info: |   4   |   ff00::/8  |    ::   |   enp0s3  |   U   |
[   18.156920] cloud-init[705]: ci-info: +-------+-------------+---------+-----------+-------+
[   20.414596] cloud-init[705]: Generating public/private rsa key pair.
[   20.416162] cloud-init[705]: Your identification has been saved in /etc/ssh/ssh_host_rsa_key.
[   20.417958] cloud-init[705]: Your public key has been saved in /etc/ssh/ssh_host_rsa_key.pub.
[   20.419550] cloud-init[705]: The key fingerprint is:
[   20.432473] cloud-init[705]: SHA256:ucYZJK0AIrS3fmQbcSlgEfTE96Vyx9KzwBgMcqxtNkM root@ubuntu-bionic
[   20.448466] cloud-init[705]: The key's randomart image is:
[   20.449575] cloud-init[705]: +---[RSA 2048]----+
[   20.450337] cloud-init[705]: |+.oB=+o          |
[   20.451322] cloud-init[705]: |..o.*E =.  .     |
[   20.452749] cloud-init[705]: | . .=+ooB =      |
[   20.453929] cloud-init[705]: |  ...B+* O =     |
[   20.454936] cloud-init[705]: |   .o++ S + o    |
[   20.455768] cloud-init[705]: |  . o o. + .     |
[   20.464447] cloud-init[705]: |   . o  =        |
[   20.465751] cloud-init[705]: |    .  .         |
[   20.467042] cloud-init[705]: |                 |
[   20.468390] cloud-init[705]: +----[SHA256]-----+
[   20.469176] cloud-init[705]: Generating public/private dsa key pair.
[   20.470051] cloud-init[705]: Your identification has been saved in /etc/ssh/ssh_host_dsa_key.
[   20.472145] cloud-init[705]: Your public key has been saved in /etc/ssh/ssh_host_dsa_key.pub.
[   20.474359] cloud-init[705]: The key fingerprint is:
[   20.475347] cloud-init[705]: SHA256:fo/mSgpsEC7OuAnoqWyXMIIPQd5mOEc4t0bVqbAjMh0 root@ubuntu-bionic
[   20.476876] cloud-init[705]: The key's randomart image is:
[   20.477869] cloud-init[705]: +---[DSA 1024]----+
[   20.478760] cloud-init[705]: |  . ... .        |
[   20.479678] cloud-init[705]: | +E=   o         |
[   20.492393] cloud-init[705]: |o.O.+ .          |
[   20.493364] cloud-init[705]: |+*.@ .           |
[   20.494404] cloud-init[705]: |+oX .   S        |
[   20.495094] cloud-init[705]: |O+ o   .         |
[   20.495657] cloud-init[705]: |==o =   o .      |
[   20.496292] cloud-init[705]: |++o+ . o ..o     |
[   20.512475] cloud-init[705]: |*+.   . .+o .    |
[   20.513267] cloud-init[705]: +----[SHA256]-----+
[[   20.528697] [0;32m  OK  [0mcloud-init] [705]: Started Initial cloud-init job (metadata service crawler).Generating public/private ecdsa key pair.

[[0;32m  OK  [0m] Reached target Network is Online.
[   20.540589] cloud-init[705]: Your identification has been saved in /etc/ssh/ssh_host_ecdsa_key.
[   20.555018] cloud-init[705]: Your public key has been saved in /etc/ssh/ssh_host_ecdsa_key.pub.
[   20.556474] cloud-init[705]: The key fingerprint is:
[   20.557513] cloud-init[705]: SHA256:uFPu+3Ix2bGkaZDevSqw3gGxxFjIIjGLjJjdrtPCkUg root@ubuntu-bionic
[   20.559131] cloud-init[705]: The key's randomart image is:
         Starting Availability of block devices...[   20.568201] 
cloud-init[705]: +---[ECDSA 256]---+
[[0;32m  OK  [0m] Reached target Remote File Systems (Pre).
[   20.569365] cloud-init[705]: |o. . ..          |
[[0;32m  OK  [0m] Reached target Remote File Systems.
[   20.570529] cloud-init[705]: |*=..o+           |
[[0;32m  OK  [0m] Reached target System Initialization.
[   20.584297] cloud-init[705]: |*E..o +  .       |
[[0;32m  OK  [0m] Listening on UUID daemon activation socket.
[   20.586184] cloud-init[705]: |.. o . +o   o    |
[[0;32m  OK  [0m] Listening on Open-iSCSI iscsid Socket.
[   20.596253] cloud-init[705]: |. o . +.So B o   |
[   20.597969] cloud-init[705]: | . +  .=. O +    |
[   20.608954] cloud-init[705]: |  = . ooo. o .   |
[   20.609099] cloud-init[705]: |   o  .+o.. .    |
[   20.610632] cloud-init[705]: |     .. +*o.     |
[   20.611133] cloud-init[705]: +----[SHA256]-----+
[   20.612334] cloud-init[705]: Generating public/private ed25519 key pair.
[   20.613197] cloud-init[705]: Your identification has been saved in /etc/ssh/ssh_host_ed25519_key.
[   20.614360] cloud-init[705]: Your public key has been saved in /etc/ssh/ssh_host_ed25519_key.pub.
[   20.615281] cloud-init[705]: The key fingerprint is:
[[0;32m  OK  [0m] Started Daily apt download activities.
[   20.615559] [[0;32m  OK  [0m] Started Daily apt upgrade and clean activities.
cloud-init[705]: [[0;32m  OK  [0m] Started ACPI Events Check.
SHA256:FILdwKtjhTW3UTicJTAQaGVZXLU3lcce8IKdqIY5Qus root@ubuntu-bionic         Starting Socket activation for snappy daemon.
[[0;32m  OK  [0m] Started Discard unused blocks once a week.
[[0;32m  OK  [0m] Reached target Paths.
[[0;32m  OK  [0m] Started Ubuntu Advantage Timer for running repeated jobs.
[[0;32m  OK  [0m] Listening on D-Bus System Message Bus Socket.

[   20.628764] cloud-init[705]: The key's randomart image is:
[   20.630948] cloud-init[705]: +--[ED25519 256]--+
[   20.632868] cloud-init[705]: |   o=X**+*+  .oo |
[   20.633801] cloud-init[705]: |  o.o *oOo .+.+.o|
[   20.634632] cloud-init[705]: | .   + +.+.oo+ +.|
[   20.635714] cloud-init[705]: |    o +.+ .. .. .|
[   20.636679]          Starting LXD - unix socket.
[[0;32m  OK  [0m] Listening on ACPID Listen Socket.
[[0;32m  OK  [0m] Started Message of the Day.
[[0;32m  OK  [0m] Listening on cloud-init hotplug hook socket.
[[0;32m  OK  [0m] Started Daily Cleanup of Temporary Directories.
[[0;32m  OK  [0m] Reached target Timers.
[[0;32m  OK  [0m] Reached target Cloud-config availability.
[[0;32m  OK  [0m] Started Availability of block devices.
[[0;32m  OK  [0m] Listening on Socket activation for snappy daemon.
cloud-init[705]: [|     = +So       |[0;32m  OK  [0m] Listening on LXD - unix socket.
[[0;32m  OK  [0m] Reached target Sockets.
[[0;32m  OK  [0m] Reached target Basic System.

[   20.648499] cloud-init[705]: |    = . o        |
         Starting Snap Daemon...
[   20.649455] cloud-init[705]: |   . E           |
[   20.652564] cloud-init[705]: |                 |
[   20.654777]          Starting Login Service...
cloud-init         Starting LSB: automatic crash report generation...
[705]: |                 |
[   20.668369] cloud-init[705]: +----[SHA256]-----+
         Starting Pollinate to seed the pseudo random number generator...
         Starting Accounts Service...
         Starting Virtualbox guest utils...
[[0;32m  OK  [0m] Reached target Login Prompts (Pre).
[[0;32m  OK  [0m] Started irqbalance daemon.
         Starting System Logging Service...
[[0;32m  OK  [0m] Started Deferred execution scheduler.
[[0;32m  OK  [0m] Started D-Bus System Message Bus.
[[0;32m  OK  [0m] Started FUSE filesystem for LXC.
         Starting LXD - container startup/shutdown...
         Starting Dispatcher daemon for systemd-networkd...
         Starting LSB: Record successful boot for GRUB...
         Starting Permit User Sessions...
[[0;32m  OK  [0m] Started Regular background program processing daemon.
[[0;32m  OK  [0m] Started System Logging Service.
[[0;32m  OK  [0m] Started Login Service.
[[0;32m  OK  [0m] Started Permit User Sessions.
         Starting Hold until boot process finishes up...
         Starting Terminate Plymouth Boot Screen...
         Starting Authorization Manager...
[[0;32m  OK  [0m] Started Unattended Upgrades Shutdown.
[[0;32m  OK  [0m] Started Hold until boot process finishes up.
[[0;32m  OK  [0m] Started Terminate Plymouth Boot Screen.
         Starting Set console scheme...
[[0;32m  OK  [0m] Started Serial Getty on ttyS0.
[[0;32m  OK  [0m] Started Set console scheme.
[[0;32m  OK  [0m] Created slice system-getty.slice.
[[0;32m  OK  [0m] Started Getty on tty1.
[[0;32m  OK  [0m] Reached target Login Prompts.
[[0;32m  OK  [0m] Started LSB: automatic crash report generation.
[[0;32m  OK  [0m] Started LSB: Record successful boot for GRUB.
[[0;32m  OK  [0m] Started Authorization Manager.
[[0;32m  OK  [0m] Started Accounts Service.
[[0;32m  OK  [0m] Started Virtualbox guest utils.
[[0;32m  OK  [0m] Started Dispatcher daemon for systemd-networkd.
[[0;32m  OK  [0m] Started LXD - container startup/shutdown.
[[0;32m  OK  [0m] Started Snap Daemon.
         Starting Wait until snapd is fully seeded...

Ubuntu 18.04.6 LTS ubuntu-bionic ttyS0

ubuntu-bionic login: [   33.425264] cloud-init[1347]: Cloud-init v. 23.1.1-0ubuntu0~18.04.1 running 'modules:config' at Mon, 17 Apr 2023 07:59:56 +0000. Up 30.81 seconds.
ci-info: no authorized SSH keys fingerprints found for user ubuntu.
<14>Apr 17 08:00:01 cloud-init: #############################################################
<14>Apr 17 08:00:01 cloud-init: -----BEGIN SSH HOST KEY FINGERPRINTS-----
<14>Apr 17 08:00:01 cloud-init: 1024 SHA256:fo/mSgpsEC7OuAnoqWyXMIIPQd5mOEc4t0bVqbAjMh0 root@ubuntu-bionic (DSA)
<14>Apr 17 08:00:01 cloud-init: 256 SHA256:uFPu+3Ix2bGkaZDevSqw3gGxxFjIIjGLjJjdrtPCkUg root@ubuntu-bionic (ECDSA)
<14>Apr 17 08:00:01 cloud-init: 256 SHA256:FILdwKtjhTW3UTicJTAQaGVZXLU3lcce8IKdqIY5Qus root@ubuntu-bionic (ED25519)
<14>Apr 17 08:00:01 cloud-init: 2048 SHA256:ucYZJK0AIrS3fmQbcSlgEfTE96Vyx9KzwBgMcqxtNkM root@ubuntu-bionic (RSA)
<14>Apr 17 08:00:01 cloud-init: -----END SSH HOST KEY FINGERPRINTS-----
<14>Apr 17 08:00:01 cloud-init: #############################################################
-----BEGIN SSH HOST KEY KEYS-----
ecdsa-sha2-nistp256 AAAAE2VjZHNhLXNoYTItbmlzdHAyNTYAAAAIbmlzdHAyNTYAAABBBPdNnMUhDoL0NGyIZO/3HEmeysLz0vPwxV7SqcdG+JGL0plP1yXkEo/PaU5TaQsTE0htqzMyej0oyydZaHtlWTI= root@ubuntu-bionic
ssh-ed25519 AAAAC3NzaC1lZDI1NTE5AAAAIDjK+NiPYhQqBgyR5qnhtiUbfeVlAxJrrYNCEEXXJOcR root@ubuntu-bionic
ssh-rsa AAAAB3NzaC1yc2EAAAADAQABAAABAQC0QTqIZ1BAAGFcOH+lsA4UgpdtwGEM2LvgAlsHaARbnKOcMrcX+gRxjqSnDq+u3JIvm7XgD0Ul44V/53BxCNBo2D9ZfWwl5+RDTuuy/bfJp92tTROaVmSxrgpubcV7SpbPof/fn8j9HXVwQH1nS4dmiTSFk2p2jDy315Cuk9LC+X6tQpMWowKQNUGaK6XU6s7yh4Muaa+wYYCFsyhXdLJ/2roymgfcwvo5nmvsW4NOyhP0scVjOHZSG8pDfmDwIKzY31emjKIirWTjU4DykpaCu661z60cAjAAtdzUnja9FbJrS8/gyjAYqBQ1sk9ps0p/kvRfr9ojqI+jL60JmbSp root@ubuntu-bionic
-----END SSH HOST KEY KEYS-----
[   35.579014] cloud-init[1455]: Cloud-init v. 23.1.1-0ubuntu0~18.04.1 running 'modules:final' at Mon, 17 Apr 2023 08:00:00 +0000. Up 34.56 seconds.
[   35.581423] cloud-init[1455]: Cloud-init v. 23.1.1-0ubuntu0~18.04.1 finished at Mon, 17 Apr 2023 08:00:01 +0000. Datasource DataSourceNoCloud [seed=/dev/sdb][dsmode=net].  Up 35.56 seconds
